<?xml version="1.0" encoding="UTF-8"?>
<!-- Generated by org.testng.reporters.JUnitXMLReporter -->
<testsuite ignored="0" hostname="Dell" failures="1" tests="1" name="Test(failed)" time="23.976" errors="0" timestamp="2024-05-29T19:05:40 IST">
  <testcase classname="testCases.TC_001_AccountRegisterationTest" name="verify_account_registration" time="8.791">
    <failure type="java.lang.AssertionError" message="null">
      <![CDATA[java.lang.AssertionError: null
at testCases.TC_001_AccountRegisterationTest.verify_account_registration(TC_001_AccountRegisterationTest.java:61)
at java.base/java.util.ArrayList.forEach(ArrayList.java:1511)
... Removed 27 stack frames]]>
    </failure>
  </testcase> <!-- verify_account_registration -->
</testsuite> <!-- Test(failed) -->
